2024-12-20 14:15:52,291 - INFO - ==========================================Program dimulai==========================================
2024-12-20 14:16:04,967 - INFO - ✅ Berhasil menjalankan proses order di server
2024-12-20 14:16:04,971 - INFO - ✅ Proses order berhasil dijalankan
2024-12-20 14:16:05,473 - INFO - Total chats ditemukan: 1
2024-12-20 14:16:08,336 - INFO - ==========================================Balasan AI==========================================
2024-12-20 14:16:08,336 - INFO - Invoice: None - Status pesanan: None
2024-12-20 14:16:08,336 - INFO - 👤 fdc6m70w9t: Kak,, kami kalau mau pesan batik untuk anak usia 11 tahun apa ada ditoko ini...
2024-12-20 14:16:08,336 - INFO - 🤖 AI: Kak, kami sangat senang mendengar rencana kakak! Namun, saat ini kami belum menjual batik untuk anak. Kami hanya menyediakan gamis, setelan kebaya+rok, dan kemeja dewasa. Jika ada yang ingin kakak tanyakan atau pesan, silakan ya! 😊
2024-12-20 14:16:08,841 - INFO - ✅ Pesan berhasil dikirim ke fdc6m70w9t
2024-12-20 14:16:08,848 - INFO - ==========================================Program selesai==========================================
2024-12-20 18:33:10,889 - INFO - ==========================================Program dimulai==========================================
2024-12-20 18:33:23,926 - INFO - ✅ Berhasil menjalankan proses order di server
2024-12-20 18:33:23,930 - INFO - ✅ Proses order berhasil dijalankan
2024-12-20 18:33:24,538 - INFO - Total chats ditemukan: 2
2024-12-20 18:33:26,223 - INFO - ==========================================Balasan AI==========================================
2024-12-20 18:33:26,224 - INFO - Invoice: 241212JJ59CFS2 - Status pesanan: TO_RETURN
2024-12-20 18:33:26,224 - INFO - Tidak ada balasan yang dikirim xxbyrosez karena keluhan sudah ada untuk invoice: 241212JJ59CFS2, Status pesanan: TO_RETURN
2024-12-20 18:33:26,426 - INFO - ==========================================Balasan AI==========================================
2024-12-20 18:33:26,426 - INFO - Invoice: 241220B2YYW8TS - Status pesanan: PROCESSED
2024-12-20 18:33:26,426 - INFO - Tidak ada balasan yang dikirim raihanarya10 karena keluhan sudah ada untuk invoice: 241220B2YYW8TS, Status pesanan: PROCESSED
2024-12-20 18:33:26,433 - INFO - ==========================================Program selesai==========================================
2024-12-20 18:35:13,283 - INFO - ==========================================Program dimulai==========================================
2024-12-20 18:35:26,754 - INFO - ✅ Berhasil menjalankan proses order di server
2024-12-20 18:35:26,758 - INFO - ✅ Proses order berhasil dijalankan
2024-12-20 18:35:27,476 - INFO - Total chats ditemukan: 2
2024-12-20 18:35:30,689 - INFO - ==========================================Balasan AI==========================================
2024-12-20 18:35:30,690 - INFO - Invoice: 241212JJ59CFS2 - Status pesanan: TO_RETURN
2024-12-20 18:35:30,690 - INFO - Tidak ada balasan yang dikirim xxbyrosez karena keluhan sudah ada untuk invoice: 241212JJ59CFS2, Status pesanan: TO_RETURN
2024-12-20 18:35:30,986 - INFO - ==========================================Balasan AI==========================================
2024-12-20 18:35:30,986 - INFO - Invoice: 241220B2YYW8TS - Status pesanan: PROCESSED
2024-12-20 18:35:30,986 - INFO - Tidak ada balasan yang dikirim raihanarya10 karena keluhan sudah ada untuk invoice: 241220B2YYW8TS, Status pesanan: PROCESSED
2024-12-20 18:35:30,993 - INFO - ==========================================Program selesai==========================================
2024-12-20 18:38:44,064 - INFO - ==========================================Program dimulai==========================================
2024-12-20 18:38:57,283 - INFO - ✅ Berhasil menjalankan proses order di server
2024-12-20 18:38:57,287 - INFO - ✅ Proses order berhasil dijalankan
2024-12-20 18:38:58,247 - INFO - Total chats ditemukan: 3
2024-12-20 18:38:59,273 - INFO - ==========================================Balasan AI==========================================
2024-12-20 18:38:59,274 - INFO - Invoice: 241212JJ59CFS2 - Status pesanan: TO_RETURN
2024-12-20 18:38:59,274 - INFO - Tidak ada balasan yang dikirim xxbyrosez karena keluhan sudah ada untuk invoice: 241212JJ59CFS2, Status pesanan: TO_RETURN
2024-12-20 18:38:59,516 - INFO - ==========================================Balasan AI==========================================
2024-12-20 18:38:59,516 - INFO - Invoice: 241220B2YYW8TS - Status pesanan: PROCESSED
2024-12-20 18:38:59,516 - INFO - Tidak ada balasan yang dikirim raihanarya10 karena keluhan sudah ada untuk invoice: 241220B2YYW8TS, Status pesanan: PROCESSED
2024-12-20 18:39:00,206 - INFO - ==========================================Balasan AI==========================================
2024-12-20 18:39:00,207 - INFO - Invoice: None - Status pesanan: None
2024-12-20 18:39:00,207 - INFO - 👤 sakinahsn_72: Kaa
2024-12-20 18:39:00,207 - INFO - 🤖 AI: Kak, untuk berat badan 65 kg, ukuran yang cocok adalah XL dengan lingkar dada 106 cm. Kalau ada yang mau ditanya lagi, silakan ya! 😊
2024-12-20 18:39:00,690 - INFO - ✅ Pesan berhasil dikirim ke sakinahsn_72
2024-12-20 18:39:00,696 - INFO - ==========================================Program selesai==========================================
2024-12-20 18:47:58,849 - INFO - ==========================================Program dimulai==========================================
2024-12-20 18:48:11,731 - INFO - ✅ Berhasil menjalankan proses order di server
2024-12-20 18:48:11,735 - INFO - ✅ Proses order berhasil dijalankan
2024-12-20 18:48:12,425 - INFO - Total chats ditemukan: 3
2024-12-20 18:48:13,277 - INFO - ==========================================Balasan AI==========================================
2024-12-20 18:48:13,278 - INFO - Invoice: 241212JJ59CFS2 - Status pesanan: TO_RETURN
2024-12-20 18:48:13,278 - INFO - Tidak ada balasan yang dikirim xxbyrosez karena keluhan sudah ada untuk invoice: 241212JJ59CFS2, Status pesanan: TO_RETURN
2024-12-20 18:48:13,411 - INFO - ==========================================Balasan AI==========================================
2024-12-20 18:48:13,412 - INFO - Invoice: 241220B2YYW8TS - Status pesanan: PROCESSED
2024-12-20 18:48:13,412 - INFO - Tidak ada balasan yang dikirim raihanarya10 karena keluhan sudah ada untuk invoice: 241220B2YYW8TS, Status pesanan: PROCESSED
2024-12-20 18:48:13,796 - INFO - ==========================================Balasan AI==========================================
2024-12-20 18:48:13,796 - INFO - Invoice: 241220B7BWDCDF - Status pesanan: IN_CANCEL
2024-12-20 18:48:13,796 - INFO - Tidak ada balasan yang dikirim siskaferdina1306 karena keluhan sudah ada untuk invoice: 241220B7BWDCDF, Status pesanan: IN_CANCEL
2024-12-20 18:48:13,801 - INFO - ==========================================Program selesai==========================================
